0 info it worked if it ends with ok
1 verbose cli [ '/usr/local/bin/node',
1 verbose cli   '/Users/mcaron/.npm-packages/bin/npm',
1 verbose cli   'run',
1 verbose cli   'dev' ]
2 info using npm@3.10.6
3 info using node@v6.6.0
4 verbose run-script [ 'predev', 'dev', 'postdev' ]
5 info lifecycle @rhelements/rh-dropdown-button@0.1.2~predev: @rhelements/rh-dropdown-button@0.1.2
6 silly lifecycle @rhelements/rh-dropdown-button@0.1.2~predev: no script for predev, continuing
7 info lifecycle @rhelements/rh-dropdown-button@0.1.2~dev: @rhelements/rh-dropdown-button@0.1.2
8 verbose lifecycle @rhelements/rh-dropdown-button@0.1.2~dev: unsafe-perm in lifecycle true
9 verbose lifecycle @rhelements/rh-dropdown-button@0.1.2~dev: PATH: /Users/mcaron/.npm-packages/lib/node_modules/npm/bin/node-gyp-bin:/Users/mcaron/Sites/rhelements/elements/rh-dropdown-button/node_modules/.bin:/Users/mcaron/Sites/aseprite/build/bin:/Users/mcaron/.npm-packages/bin:/Users/mcaron/local/bin:/usr/local/sbin:/Users/mcaron/.rvm/gems/ruby-2.1.2/bin:/Users/mcaron/.rvm/gems/ruby-2.1.2@global/bin:/Users/mcaron/.rvm/rubies/ruby-2.1.2/bin:/usr/local/bin:/usr/local/bin:/usr/bin:/bin:/usr/sbin:/sbin:/opt/X11/bin:/Users/mcaron/.rvm/bin:/Users/mcaron/.rvm/bin
10 verbose lifecycle @rhelements/rh-dropdown-button@0.1.2~dev: CWD: /Users/mcaron/Sites/rhelements/elements/rh-dropdown-button
11 silly lifecycle @rhelements/rh-dropdown-button@0.1.2~dev: Args: [ '-c', '../../node_modules/.bin/gulp dev' ]
12 silly lifecycle @rhelements/rh-dropdown-button@0.1.2~dev: Returned: code: 1  signal: null
13 info lifecycle @rhelements/rh-dropdown-button@0.1.2~dev: Failed to exec dev script
14 verbose stack Error: @rhelements/rh-dropdown-button@0.1.2 dev: `../../node_modules/.bin/gulp dev`
14 verbose stack Exit status 1
14 verbose stack     at EventEmitter.<anonymous> (/Users/mcaron/.npm-packages/lib/node_modules/npm/lib/utils/lifecycle.js:255:16)
14 verbose stack     at emitTwo (events.js:106:13)
14 verbose stack     at EventEmitter.emit (events.js:191:7)
14 verbose stack     at ChildProcess.<anonymous> (/Users/mcaron/.npm-packages/lib/node_modules/npm/lib/utils/spawn.js:40:14)
14 verbose stack     at emitTwo (events.js:106:13)
14 verbose stack     at ChildProcess.emit (events.js:191:7)
14 verbose stack     at maybeClose (internal/child_process.js:877:16)
14 verbose stack     at Process.ChildProcess._handle.onexit (internal/child_process.js:226:5)
15 verbose pkgid @rhelements/rh-dropdown-button@0.1.2
16 verbose cwd /Users/mcaron/Sites/rhelements/elements/rh-dropdown-button
17 error Darwin 17.4.0
18 error argv "/usr/local/bin/node" "/Users/mcaron/.npm-packages/bin/npm" "run" "dev"
19 error node v6.6.0
20 error npm  v3.10.6
21 error code ELIFECYCLE
22 error @rhelements/rh-dropdown-button@0.1.2 dev: `../../node_modules/.bin/gulp dev`
22 error Exit status 1
23 error Failed at the @rhelements/rh-dropdown-button@0.1.2 dev script '../../node_modules/.bin/gulp dev'.
23 error Make sure you have the latest version of node.js and npm installed.
23 error If you do, this is most likely a problem with the @rhelements/rh-dropdown-button package,
23 error not with npm itself.
23 error Tell the author that this fails on your system:
23 error     ../../node_modules/.bin/gulp dev
23 error You can get information on how to open an issue for this project with:
23 error     npm bugs @rhelements/rh-dropdown-button
23 error Or if that isn't available, you can get their info via:
23 error     npm owner ls @rhelements/rh-dropdown-button
23 error There is likely additional logging output above.
24 verbose exit [ 1, true ]
